<?xml version="1.0" encoding="UTF-8"?>
<!-- Generated by org.testng.reporters.JUnitXMLReporter -->
<testsuite hostname="Alkesh-PC" name="Test1" tests="2" failures="1" timestamp="8 Sep 2019 06:06:49 GMT" time="88.899" errors="0">
  <testcase name="facebook" time="1.484" classname="com.qa.maven.FirstTest">
    <failure type="java.lang.AssertionError" message="expected [true] but found [false]">
      <![CDATA[java.lang.AssertionError: expected [true] but found [false]
	at com.qa.maven.FirstTest.facebook(FirstTest.java:40)
	at java.util.concurrent.FutureTask.run(FutureTask.java:266)
	at java.util.concurrent.ThreadPoolExecutor.runWorker(ThreadPoolExecutor.java:1142)
	at java.util.concurrent.ThreadPoolExecutor$Worker.run(ThreadPoolExecutor.java:617)
	at java.lang.Thread.run(Thread.java:745)
... Removed 20 stack frames]]>
    </failure>
  </testcase> <!-- facebook -->
  <testcase name="website" time="10.453" classname="com.qa.maven.SecondTest"/>
</testsuite> <!-- Test1 -->
